<?xml version="1.0" encoding="UTF-8"?>
<testng-results ignored="0" total="2" passed="2" failed="0" skipped="0">
  <reporter-output>
  </reporter-output>
  <suite started-at="2022-10-24T00:39:52 IST" name="MyStore" finished-at="2022-10-24T00:41:19 IST" duration-ms="87093">
    <groups>
    </groups>
    <test started-at="2022-10-24T00:39:52 IST" name="MyStoreTestCases" finished-at="2022-10-24T00:41:19 IST" duration-ms="87093">
      <class name="com.mystore.testcases.IndexPageTest">
        <test-method is-config="true" signature="BeforeSuit()[pri:0, instance:com.mystore.testcases.IndexPageTest@b9b00e0]" started-at="2022-10-24T00:39:51 IST" name="BeforeSuit" finished-at="2022-10-24T00:39:52 IST" duration-ms="1065" status="PASS">
          <reporter-output>
          </reporter-output>
        </test-method> <!-- BeforeSuit -->
        <test-method is-config="true" signature="loadConfig()[pri:0, instance:com.mystore.testcases.IndexPageTest@b9b00e0]" started-at="2022-10-24T00:39:52 IST" name="loadConfig" finished-at="2022-10-24T00:39:52 IST" duration-ms="1" status="PASS">
          <reporter-output>
          </reporter-output>
        </test-method> <!-- loadConfig -->
        <test-method is-config="true" signature="setup()[pri:0, instance:com.mystore.testcases.IndexPageTest@b9b00e0]" started-at="2022-10-24T00:39:52 IST" name="setup" finished-at="2022-10-24T00:41:18 IST" duration-ms="85874" status="PASS">
          <reporter-output>
          </reporter-output>
        </test-method> <!-- setup -->
        <test-method signature="verifyLogo()[pri:0, instance:com.mystore.testcases.IndexPageTest@b9b00e0]" started-at="2022-10-24T00:41:18 IST" name="verifyLogo" finished-at="2022-10-24T00:41:18 IST" duration-ms="196" status="PASS">
          <reporter-output>
          </reporter-output>
        </test-method> <!-- verifyLogo -->
        <test-method signature="verifyTitle()[pri:0, instance:com.mystore.testcases.IndexPageTest@b9b00e0]" started-at="2022-10-24T00:41:18 IST" name="verifyTitle" finished-at="2022-10-24T00:41:19 IST" duration-ms="28" status="PASS">
          <reporter-output>
          </reporter-output>
        </test-method> <!-- verifyTitle -->
        <test-method is-config="true" signature="tearDown()[pri:0, instance:com.mystore.testcases.IndexPageTest@b9b00e0]" started-at="2022-10-24T00:41:19 IST" name="tearDown" finished-at="2022-10-24T00:41:19 IST" duration-ms="942" status="PASS">
          <reporter-output>
          </reporter-output>
        </test-method> <!-- tearDown -->
      </class> <!-- com.mystore.testcases.IndexPageTest -->
    </test> <!-- MyStoreTestCases -->
  </suite> <!-- MyStore -->
</testng-results>
